<?xml version="1.0" encoding="UTF-8"?>
<testsuite xmlns:xsi="http://www.w3.org/2001/XMLSchema-instance" xsi:noNamespaceSchemaLocation="https://maven.apache.org/surefire/maven-surefire-plugin/xsd/surefire-test-report-3.0.xsd" version="3.0" name="com.example.emailservice.EmailServiceTest" time="4.583" tests="2" errors="0" skipped="0" failures="0">
  <properties>
[...]
</properties>
  <testcase name="testSendEmailSuccess" classname="com.example.emailservice.EmailServiceTest" time="1.691">
    <system-out><![CDATA[12:06:35.808 [main] INFO org.springframework.test.context.support.AnnotationConfigContextLoaderUtils -- Could not detect default configuration classes for test class [com.example.emailservice.EmailServiceTest]: EmailServiceTest does not declare any static, non-private, non-final, nested classes annotated with @Configuration.
12:06:36.097 [main] INFO org.springframework.boot.test.context.SpringBootTestContextBootstrapper -- Found @SpringBootConfiguration com.example.emailservice.EmailServiceApplication for test class com.example.emailservice.EmailServiceTest

  .   ____          _            __ _ _
 /\\ / ___'_ __ _ _(_)_ __  __ _ \ \ \ \
( ( )\___ | '_ | '_| | '_ \/ _` | \ \ \ \
 \\/  ___)| |_)| | | | | || (_| |  ) ) ) )
  '  |____| .__|_| |_|_| |_\__, | / / / /
 =========|_|==============|___/=/_/_/_/
 :: Spring Boot ::                (v3.2.5)

2025-07-11T12:06:36.727+05:30  INFO 15148 --- [           main] c.example.emailservice.EmailServiceTest  : Starting EmailServiceTest using Java 24 with PID 15148 (started by ravindra in C:\Users\ravindra\Documents\workspace-spring-tool-suite-4-4.29.1.RELEASE\EmailService)
2025-07-11T12:06:36.731+05:30  INFO 15148 --- [           main] c.example.emailservice.EmailServiceTest  : No active profile set, falling back to 1 default profile: "default"
2025-07-11T12:06:38.437+05:30  INFO 15148 --- [           main] c.example.emailservice.EmailServiceTest  : Started EmailServiceTest in 2.139 seconds (process running for 3.921)
2025-07-11T12:06:39.137+05:30  INFO 15148 --- [           main] com.example.emailservice.EmailService    : Attempt 1 to send email to user@example.com
2025-07-11T12:06:39.138+05:30  WARN 15148 --- [           main] com.example.emailservice.EmailService    : Failed to send email to user@example.com. Retrying...
2025-07-11T12:06:40.140+05:30  INFO 15148 --- [           main] com.example.emailservice.EmailService    : Attempt 2 to send email to user@example.com
2025-07-11T12:06:40.141+05:30  INFO 15148 --- [           main] com.example.emailservice.EmailService    : Email sent successfully to user@example.com
]]></system-out>
    <system-err><![CDATA[WARNING: A Java agent has been loaded dynamically (C:\Users\ravindra\.m2\repository\net\bytebuddy\byte-buddy-agent\1.14.9\byte-buddy-agent-1.14.9.jar)
WARNING: If a serviceability tool is in use, please run with -XX:+EnableDynamicAgentLoading to hide this warning
WARNING: If a serviceability tool is not in use, please run with -Djdk.instrument.traceUsage for more information
WARNING: Dynamic loading of agents will be disallowed by default in a future release
]]></system-err>
  </testcase>
  <testcase name="testSendEmailInvalidInput" classname="com.example.emailservice.EmailServiceTest" time="0.004">
    <system-out><![CDATA[2025-07-11T12:06:40.174+05:30 ERROR 15148 --- [           main] com.example.emailservice.EmailService    : Invalid input: email or recipient cannot be empty
]]></system-out>
  </testcase>
</testsuite>